<?xml version="1.0" encoding="UTF-8" ?>
<testsuite tests="33" failures="0" name="mx.unam.ciencias.edd.test.TestArbolBinarioOrdenado" time="0.182" errors="0" skipped="0">
  <properties>
    <property name="java.runtime.name" value="Java(TM) SE Runtime Environment"/>
    <property name="java.vm.version" value="15+36-1562"/>
    <property name="sun.boot.library.path" value="C:\Program Files\Java\jdk-15\bin"/>
    <property name="maven.multiModuleProjectDirectory" value="C:\Users\Jesús Fernando\Desktop\practica3"/>
    <property name="java.vm.vendor" value="Oracle Corporation"/>
    <property name="java.vendor.url" value="https://java.oracle.com/"/>
    <property name="guice.disable.misplaced.annotation.check" value="true"/>
    <property name="path.separator" value=";"/>
    <property name="java.vm.name" value="Java HotSpot(TM) 64-Bit Server VM"/>
    <property name="sun.os.patch.level" value=""/>
    <property name="user.script" value=""/>
    <property name="user.country" value="MX"/>
    <property name="sun.java.launcher" value="SUN_STANDARD"/>
    <property name="java.vm.specification.name" value="Java Virtual Machine Specification"/>
    <property name="user.dir" value="C:\Users\Jesús Fernando\Desktop\practica3"/>
    <property name="java.vm.compressedOopsMode" value="Zero based"/>
    <property name="java.runtime.version" value="15+36-1562"/>
    <property name="os.arch" value="amd64"/>
    <property name="java.io.tmpdir" value="C:\Users\JESSFE~1\AppData\Local\Temp\"/>
    <property name="line.separator" value="
"/>
    <property name="java.vm.specification.vendor" value="Oracle Corporation"/>
    <property name="user.variant" value=""/>
    <property name="os.name" value="Windows 10"/>
    <property name="classworlds.conf" value="C:\Program Files\apache-maven-3.8.6\bin\m2.conf"/>
    <property name="sun.jnu.encoding" value="Cp1252"/>
    <property name="java.library.path" value="C:\Program Files\Java\jdk-15\bin;C:\WINDOWS\Sun\Java\bin;C:\WINDOWS\system32;C:\WINDOWS;C:\Program Files\apache-maven-3.8.6\bin;C:\Program Files\Java\jdk-15\bin;C:\Program Files (x86)\NVIDIA Corporation\PhysX\Common;C:\Program Files\Common Files\Oracle\Java\javapath;C:\Program Files (x86)\Common Files\Oracle\Java\javapath;C:\Program Files (x86)\Intel\Intel(R) Management Engine Components\iCLS\;C:\Program Files\Intel\Intel(R) Management Engine Components\iCLS\;C:\WINDOWS\system32;C:\WINDOWS;C:\WINDOWS\System32\Wbem;C:\WINDOWS\System32\WindowsPowerShell\v1.0\;C:\WINDOWS\System32\OpenSSH\;C:\Program Files (x86)\Intel\Intel(R) Management Engine Components\DAL;C:\Program Files\Intel\Intel(R) Management Engine Components\DAL;C:\Program Files (x86)\Intel\Intel(R) Management Engine Components\IPT;C:\Program Files\Intel\Intel(R) Management Engine Components\IPT;C:\ProgramData\chocolatey\bin;C:\Program Files\Git\cmd;C:\Users\Jesús Fernando\AppData\Local\Microsoft\WindowsApps;C:\Users\Jesús Fernando\AppData\Roaming\cabal\bin;C:\ProgramData\chocolatey\lib\ghc\tools\ghc-8.10.2\bin;C:\Users\Jesús Fernando\AppData\Local\Programs\Microsoft VS Code\bin;."/>
    <property name="maven.conf" value="C:\Program Files\apache-maven-3.8.6/conf"/>
    <property name="jdk.debug" value="release"/>
    <property name="java.class.version" value="59.0"/>
    <property name="java.specification.name" value="Java Platform API Specification"/>
    <property name="sun.management.compiler" value="HotSpot 64-Bit Tiered Compilers"/>
    <property name="os.version" value="10.0"/>
    <property name="library.jansi.path" value="C:\Program Files\apache-maven-3.8.6\lib\jansi-native"/>
    <property name="user.home" value="C:\Users\Jesús Fernando"/>
    <property name="user.timezone" value="America/Mexico_City"/>
    <property name="file.encoding" value="Cp1252"/>
    <property name="java.specification.version" value="15"/>
    <property name="user.name" value="Jesús Fernando"/>
    <property name="java.class.path" value="C:\Program Files\apache-maven-3.8.6\boot\plexus-classworlds-2.6.0.jar"/>
    <property name="java.vm.specification.version" value="15"/>
    <property name="sun.arch.data.model" value="64"/>
    <property name="sun.java.command" value="org.codehaus.plexus.classworlds.launcher.Launcher install"/>
    <property name="java.home" value="C:\Program Files\Java\jdk-15"/>
    <property name="user.language" value="es"/>
    <property name="java.specification.vendor" value="Oracle Corporation"/>
    <property name="java.vm.info" value="mixed mode, sharing"/>
    <property name="java.version" value="15"/>
    <property name="java.vendor" value="Oracle Corporation"/>
    <property name="sun.stderr.encoding" value="cp850"/>
    <property name="maven.home" value="C:\Program Files\apache-maven-3.8.6"/>
    <property name="file.separator" value="\"/>
    <property name="java.version.date" value="2020-09-15"/>
    <property name="java.vendor.url.bug" value="https://bugreport.java.com/bugreport/"/>
    <property name="sun.io.unicode.encoding" value="UnicodeLittle"/>
    <property name="sun.cpu.endian" value="little"/>
    <property name="sun.stdout.encoding" value="cp850"/>
    <property name="sun.cpu.isalist" value="amd64"/>
  </properties>
  <testcase classname="mx.unam.ciencias.edd.test.TestArbolBinarioOrdenado" name="testElimina" time="0"/>
  <testcase classname="mx.unam.ciencias.edd.test.TestArbolBinarioOrdenado" name="testEsVacio" time="0"/>
  <testcase classname="mx.unam.ciencias.edd.test.TestArbolBinarioOrdenado" name="testIteradorHasNext" time="0.01"/>
  <testcase classname="mx.unam.ciencias.edd.test.TestArbolBinarioOrdenado" name="testDfsPreOrder" time="0"/>
  <testcase classname="mx.unam.ciencias.edd.test.TestArbolBinarioOrdenado" name="testBusca" time="0.017"/>
  <testcase classname="mx.unam.ciencias.edd.test.TestArbolBinarioOrdenado" name="testVerticeAltura" time="0.005"/>
  <testcase classname="mx.unam.ciencias.edd.test.TestArbolBinarioOrdenado" name="testRaiz" time="0.009"/>
  <testcase classname="mx.unam.ciencias.edd.test.TestArbolBinarioOrdenado" name="testToString" time="0.102"/>
  <testcase classname="mx.unam.ciencias.edd.test.TestArbolBinarioOrdenado" name="testVerticeEquals" time="0"/>
  <testcase classname="mx.unam.ciencias.edd.test.TestArbolBinarioOrdenado" name="testVerticeToString" time="0.007"/>
  <testcase classname="mx.unam.ciencias.edd.test.TestArbolBinarioOrdenado" name="testDfsInOrder" time="0.002"/>
  <testcase classname="mx.unam.ciencias.edd.test.TestArbolBinarioOrdenado" name="testVerticeGet" time="0.005"/>
  <testcase classname="mx.unam.ciencias.edd.test.TestArbolBinarioOrdenado" name="testVerticeIzquierdo" time="0.001"/>
  <testcase classname="mx.unam.ciencias.edd.test.TestArbolBinarioOrdenado" name="testGetUltimoVerticeAgregado" time="0.001"/>
  <testcase classname="mx.unam.ciencias.edd.test.TestArbolBinarioOrdenado" name="testVerticeProfundidad" time="0.001"/>
  <testcase classname="mx.unam.ciencias.edd.test.TestArbolBinarioOrdenado" name="testContiene" time="0.001"/>
  <testcase classname="mx.unam.ciencias.edd.test.TestArbolBinarioOrdenado" name="testIteradorNext" time="0"/>
  <testcase classname="mx.unam.ciencias.edd.test.TestArbolBinarioOrdenado" name="testVerticeDerecho" time="0"/>
  <testcase classname="mx.unam.ciencias.edd.test.TestArbolBinarioOrdenado" name="testGiraDerecha" time="0"/>
  <testcase classname="mx.unam.ciencias.edd.test.TestArbolBinarioOrdenado" name="testGetElementos" time="0"/>
  <testcase classname="mx.unam.ciencias.edd.test.TestArbolBinarioOrdenado" name="testDfsPostOrder" time="0.009"/>
  <testcase classname="mx.unam.ciencias.edd.test.TestArbolBinarioOrdenado" name="testVerticePadre" time="0.001"/>
  <testcase classname="mx.unam.ciencias.edd.test.TestArbolBinarioOrdenado" name="testAgrega" time="0.001"/>
  <testcase classname="mx.unam.ciencias.edd.test.TestArbolBinarioOrdenado" name="testAltura" time="0.002"/>
  <testcase classname="mx.unam.ciencias.edd.test.TestArbolBinarioOrdenado" name="testVerticeHayDerecho" time="0"/>
  <testcase classname="mx.unam.ciencias.edd.test.TestArbolBinarioOrdenado" name="testEquals" time="0.001"/>
  <testcase classname="mx.unam.ciencias.edd.test.TestArbolBinarioOrdenado" name="testVerticeHayPadre" time="0"/>
  <testcase classname="mx.unam.ciencias.edd.test.TestArbolBinarioOrdenado" name="testLimpia" time="0.002"/>
  <testcase classname="mx.unam.ciencias.edd.test.TestArbolBinarioOrdenado" name="testGiraIzquierda" time="0.001"/>
  <testcase classname="mx.unam.ciencias.edd.test.TestArbolBinarioOrdenado" name="testVerticeHayIzquierdo" time="0.001"/>
  <testcase classname="mx.unam.ciencias.edd.test.TestArbolBinarioOrdenado" name="testIterator" time="0.003"/>
  <testcase classname="mx.unam.ciencias.edd.test.TestArbolBinarioOrdenado" name="testConstructorColeccion" time="0"/>
  <testcase classname="mx.unam.ciencias.edd.test.TestArbolBinarioOrdenado" name="testConstructor" time="0"/>
</testsuite>